{"message":"Unauthorized request to path: /","level":"error"}
{"message":"Unauthorized request to path: /","level":"error"}
{"message":"Unauthorized request to path: /","level":"error"}
{"message":"Unauthorized request to path: /","level":"error"}
{"message":"Unauthorized request to path: /","level":"error"}
{"message":"Unauthorized request to path: /","level":"error"}
{"message":"Unauthorized request to path: /","level":"error"}
{"message":"Unauthorized request to path: /bookmarks","level":"error"}
{"message":"Unauthorized request to path: /bookmarks/","level":"error"}
{"message":"Unauthorized request to path: /bookmarks/","level":"error"}
{"message":"Unauthorized request to path: /bookmarks/","level":"error"}
{"message":"Unauthorized request to path: /bookmarks/","level":"error"}
{"message":"Unauthorized request to path: /bookmarks/","level":"error"}
{"message":"Unauthorized request to path: /bookmarks/","level":"error"}
{"message":"Unauthorized request to path: /bookmarks/","level":"error"}
{"message":"Unauthorized request to path: /bookmarks/","level":"error"}
{"message":"Unauthorized request to path: /bookmarks/","level":"error"}
{"message":"Unauthorized request to path: /bookmarks/882b7272-e9ae-437b-8b75-a265d547ea76","level":"error"}
{"message":"bookmarks is not defined","level":"error"}
{"message":"Unauthorized request to path: /bookmarks/1","level":"error"}
{"message":"bookmarks is not defined","level":"error"}
{"message":"Unauthorized request to path: /bookmarks/1","level":"error"}
{"message":"Unauthorized request to path: /bookmarks/","level":"error"}
{"message":"title is required","level":"error"}
{"message":"Unauthorized request to path: /bookmarks/","level":"error"}
{"message":"Unexpected token = in JSON at position 9","level":"error"}
{"message":"Unauthorized request to path: /bookmarks/","level":"error"}
{"message":"Unexpected token \" in JSON at position 0","level":"error"}
{"message":"Unauthorized request to path: /bookmarks/","level":"error"}
{"message":"Unexpected token = in JSON at position 9","level":"error"}
{"message":"Unauthorized request to path: /bookmarks/","level":"error"}
{"message":"Unexpected token i in JSON at position 6","level":"error"}
{"message":"Unauthorized request to path: /bookmarks/","level":"error"}
{"message":"Unexpected token t in JSON at position 6","level":"error"}
{"message":"Unauthorized request to path: /bookmarks/","level":"error"}
{"message":"Unexpected token \" in JSON at position 6","level":"error"}
{"message":"Unauthorized request to path: /bookmarks/","level":"error"}
{"message":"Unexpected token t in JSON at position 6","level":"error"}
{"message":"Unauthorized request to path: /bookmarks/","level":"error"}
{"message":"Unexpected token ' in JSON at position 16","level":"error"}
{"message":"Unauthorized request to path: /bookmarks/","level":"error"}
{"message":"Cannot read property '1' of null","level":"error"}
{"message":"Unauthorized request to path: /bookmarks/","level":"error"}
{"message":"title is required","level":"error"}
{"message":"Unauthorized request to path: /bookmarks/","level":"error"}
{"message":"Unexpected token ' in JSON at position 1","level":"error"}
{"message":"Unauthorized request to path: /bookmarks/","level":"error"}
{"message":"Unexpected token ' in JSON at position 1","level":"error"}
{"message":"Unauthorized request to path: /bookmarks","level":"error"}
{"message":"Unauthorized request to path: /bookmarks","level":"error"}
{"message":"Unauthorized request to path: /bookmarks/8090964a-c86c-495c-927f-f0861eb11b6a","level":"error"}
{"message":"Unauthorized request to path: /bookmarks/8090964a-c86c-495c-927f-f0861eb11b6a","level":"error"}
{"message":"Unauthorized request to path: /bookmarks","level":"error"}
{"message":"Unauthorized request to path: /bookmarks/8090964a-c86c-495c-927f-f0861eb11b6a","level":"error"}
{"message":"Unauthorized request to path: /bookmarks/doesnt-exist","level":"error"}
{"message":"Unauthorized request to path: /bookmarks/8090964a-c86c-495c-927f-f0861eb11b6a","level":"error"}
{"message":"Unauthorized request to path: /bookmarks/doesnt-exist","level":"error"}
{"message":"Unauthorized request to path: /bookmarks","level":"error"}
{"message":"Unauthorized request to path: /bookmarks","level":"error"}
{"message":"Unauthorized request to path: /bookmarks","level":"error"}
{"message":"Unauthorized request to path: /bookmarks","level":"error"}
{"message":"Unauthorized request to path: /bookmarks","level":"error"}
{"message":"Unauthorized request to path: /bookmarks","level":"error"}
{"message":"Unauthorized request to path: /bookmarks","level":"error"}
{"message":"Unauthorized request to path: /bookmarks","level":"error"}
{"message":"Unauthorized request to path: /bookmarks/bd7abe3f-18b9-4e16-848e-9865f0735659","level":"error"}
{"message":"Unauthorized request to path: /bookmarks/bd7abe3f-18b9-4e16-848e-9865f0735659","level":"error"}
{"message":"Unauthorized request to path: /bookmarks","level":"error"}
{"message":"Unauthorized request to path: /bookmarks/bd7abe3f-18b9-4e16-848e-9865f0735659","level":"error"}
{"message":"Unauthorized request to path: /bookmarks/doesnt-exist","level":"error"}
{"message":"Unauthorized request to path: /bookmarks/bd7abe3f-18b9-4e16-848e-9865f0735659","level":"error"}
{"message":"Unauthorized request to path: /bookmarks/doesnt-exist","level":"error"}
{"message":"Unauthorized request to path: /bookmarks","level":"error"}
{"message":"Unauthorized request to path: /bookmarks","level":"error"}
{"message":"Unauthorized request to path: /bookmarks","level":"error"}
{"message":"Unauthorized request to path: /bookmarks","level":"error"}
{"message":"Unauthorized request to path: /bookmarks","level":"error"}
{"message":"Unauthorized request to path: /bookmarks","level":"error"}
{"message":"Unauthorized request to path: /bookmarks","level":"error"}
{"message":"Unauthorized request to path: /bookmarks","level":"error"}
{"message":"Unauthorized request to path: /bookmarks/489bd469-d0bc-4e94-8f4d-6041601c1b30","level":"error"}
{"message":"Unauthorized request to path: /bookmarks/489bd469-d0bc-4e94-8f4d-6041601c1b30","level":"error"}
{"message":"Unauthorized request to path: /bookmarks","level":"error"}
{"message":"Unauthorized request to path: /bookmarks/489bd469-d0bc-4e94-8f4d-6041601c1b30","level":"error"}
{"message":"Unauthorized request to path: /bookmarks/doesnt-exist","level":"error"}
{"message":"Unauthorized request to path: /bookmarks/489bd469-d0bc-4e94-8f4d-6041601c1b30","level":"error"}
{"message":"Unauthorized request to path: /bookmarks/doesnt-exist","level":"error"}
{"message":"Unauthorized request to path: /bookmarks","level":"error"}
{"message":"Unauthorized request to path: /bookmarks","level":"error"}
{"message":"Unauthorized request to path: /bookmarks","level":"error"}
{"message":"Unauthorized request to path: /bookmarks","level":"error"}
{"message":"Unauthorized request to path: /bookmarks","level":"error"}
{"message":"Unauthorized request to path: /bookmarks","level":"error"}
{"message":"Unauthorized request to path: /bookmarks","level":"error"}
{"message":"Unauthorized request to path: /bookmarks","level":"error"}
{"message":"Unauthorized request to path: /bookmarks/d2d6ae39-a6da-4496-ac6b-82ac43bfa77f","level":"error"}
{"message":"Unauthorized request to path: /bookmarks/d2d6ae39-a6da-4496-ac6b-82ac43bfa77f","level":"error"}
{"message":"Unauthorized request to path: /bookmarks","level":"error"}
{"message":"Unauthorized request to path: /bookmarks/d2d6ae39-a6da-4496-ac6b-82ac43bfa77f","level":"error"}
{"message":"Unauthorized request to path: /bookmarks/doesnt-exist","level":"error"}
{"message":"Bookmark with id doesnt-exist not found.","level":"error"}
{"message":"Unauthorized request to path: /bookmarks/d2d6ae39-a6da-4496-ac6b-82ac43bfa77f","level":"error"}
{"message":"bookmarks is not defined","level":"error"}
{"message":"Unauthorized request to path: /bookmarks/doesnt-exist","level":"error"}
{"message":"id is not defined","level":"error"}
{"message":"Unauthorized request to path: /bookmarks","level":"error"}
{"message":"title is required","level":"error"}
{"message":"Unauthorized request to path: /bookmarks","level":"error"}
{"message":"url is required","level":"error"}
{"message":"Unauthorized request to path: /bookmarks","level":"error"}
{"message":"rating is required","level":"error"}
{"message":"Unauthorized request to path: /bookmarks","level":"error"}
{"message":"Invalid rating 'invalid' supplied","level":"error"}
{"message":"Unauthorized request to path: /bookmarks","level":"error"}
{"message":"Invalid url 'htp://invalid-url' supplied","level":"error"}
{"message":"Unauthorized request to path: /bookmarks","level":"error"}
{"message":"Bookmark with id 81c4ebf1-7412-485c-8c77-a4616ac3af92 created","level":"info"}
{"message":"Unauthorized request to path: /bookmarks","level":"error"}
{"message":"Unauthorized request to path: /bookmarks","level":"error"}
{"message":"Unauthorized request to path: /bookmarks/086b8112-caf2-4f08-a59f-35aeee437334","level":"error"}
{"message":"Unauthorized request to path: /bookmarks/086b8112-caf2-4f08-a59f-35aeee437334","level":"error"}
{"message":"Unauthorized request to path: /bookmarks","level":"error"}
{"message":"Unauthorized request to path: /bookmarks/086b8112-caf2-4f08-a59f-35aeee437334","level":"error"}
{"message":"Unauthorized request to path: /bookmarks/doesnt-exist","level":"error"}
{"message":"Bookmark with id doesnt-exist not found.","level":"error"}
{"message":"Unauthorized request to path: /bookmarks/086b8112-caf2-4f08-a59f-35aeee437334","level":"error"}
{"message":"bookmarks is not defined","level":"error"}
{"message":"Unauthorized request to path: /bookmarks/doesnt-exist","level":"error"}
{"message":"id is not defined","level":"error"}
{"message":"Unauthorized request to path: /bookmarks","level":"error"}
{"message":"title is required","level":"error"}
{"message":"Unauthorized request to path: /bookmarks","level":"error"}
{"message":"url is required","level":"error"}
{"message":"Unauthorized request to path: /bookmarks","level":"error"}
{"message":"rating is required","level":"error"}
{"message":"Unauthorized request to path: /bookmarks","level":"error"}
{"message":"Invalid rating 'invalid' supplied","level":"error"}
{"message":"Unauthorized request to path: /bookmarks","level":"error"}
{"message":"Invalid url 'htp://invalid-url' supplied","level":"error"}
{"message":"Unauthorized request to path: /bookmarks","level":"error"}
{"message":"Bookmark with id 359eb988-2282-4a9b-a890-7604a6a0c56c created","level":"info"}
{"message":"Unauthorized request to path: /","level":"error"}
{"message":"Unauthorized request to path: /favicon.ico","level":"error"}
{"message":"Unauthorized request to path: /bookmarks/","level":"error"}
{"message":"Unauthorized request to path: /bookmarks/","level":"error"}
{"message":"Unauthorized request to path: /bookmarks/","level":"error"}
{"message":"Unauthorized request to path: /bookmarks","level":"error"}
{"message":"Unauthorized request to path: /bookmarks","level":"error"}
{"message":"Unauthorized request to path: /bookmarks/6faeed45-4414-48d9-95b7-798040366203","level":"error"}
{"message":"Unauthorized request to path: /bookmarks/6faeed45-4414-48d9-95b7-798040366203","level":"error"}
{"message":"Unauthorized request to path: /bookmarks","level":"error"}
{"message":"Unauthorized request to path: /bookmarks/6faeed45-4414-48d9-95b7-798040366203","level":"error"}
{"message":"Unauthorized request to path: /bookmarks/doesnt-exist","level":"error"}
{"message":"Bookmark with id doesnt-exist not found.","level":"error"}
{"message":"Unauthorized request to path: /bookmarks/6faeed45-4414-48d9-95b7-798040366203","level":"error"}
{"message":"bookmarks is not defined","level":"error"}
{"message":"Unauthorized request to path: /bookmarks/doesnt-exist","level":"error"}
{"message":"id is not defined","level":"error"}
{"message":"Unauthorized request to path: /bookmarks","level":"error"}
{"message":"title is required","level":"error"}
{"message":"Unauthorized request to path: /bookmarks","level":"error"}
{"message":"url is required","level":"error"}
{"message":"Unauthorized request to path: /bookmarks","level":"error"}
{"message":"rating is required","level":"error"}
{"message":"Unauthorized request to path: /bookmarks","level":"error"}
{"message":"Invalid rating 'invalid' supplied","level":"error"}
{"message":"Unauthorized request to path: /bookmarks","level":"error"}
{"message":"Invalid url 'htp://invalid-url' supplied","level":"error"}
{"message":"Unauthorized request to path: /bookmarks","level":"error"}
{"message":"Bookmark with id 5ec00194-c355-49b5-adde-f0fd76bcdf7c created","level":"info"}
{"message":"Unauthorized request to path: /bookmarks/","level":"error"}
{"message":"Unauthorized request to path: /bookmarks","level":"error"}
{"message":"Unauthorized request to path: /bookmarks","level":"error"}
{"message":"Unauthorized request to path: /bookmarks/2e054aaf-6e38-4815-9b33-611d87abba05","level":"error"}
{"message":"Unauthorized request to path: /bookmarks/2e054aaf-6e38-4815-9b33-611d87abba05","level":"error"}
{"message":"Unauthorized request to path: /bookmarks","level":"error"}
{"message":"Unauthorized request to path: /bookmarks/2e054aaf-6e38-4815-9b33-611d87abba05","level":"error"}
{"message":"Unauthorized request to path: /bookmarks/doesnt-exist","level":"error"}
{"message":"Bookmark with id doesnt-exist not found.","level":"error"}
{"message":"Unauthorized request to path: /bookmarks/2e054aaf-6e38-4815-9b33-611d87abba05","level":"error"}
{"message":"bookmarks is not defined","level":"error"}
{"message":"Unauthorized request to path: /bookmarks/doesnt-exist","level":"error"}
{"message":"id is not defined","level":"error"}
{"message":"Unauthorized request to path: /bookmarks","level":"error"}
{"message":"title is required","level":"error"}
{"message":"Unauthorized request to path: /bookmarks","level":"error"}
{"message":"url is required","level":"error"}
{"message":"Unauthorized request to path: /bookmarks","level":"error"}
{"message":"rating is required","level":"error"}
{"message":"Unauthorized request to path: /bookmarks","level":"error"}
{"message":"Invalid rating 'invalid' supplied","level":"error"}
{"message":"Unauthorized request to path: /bookmarks","level":"error"}
{"message":"Invalid url 'htp://invalid-url' supplied","level":"error"}
{"message":"Unauthorized request to path: /bookmarks","level":"error"}
{"message":"Bookmark with id 6ce33fdb-95a8-44b1-aace-6a37a5f9918c created","level":"info"}
{"message":"Unauthorized request to path: /bookmarks/","level":"error"}
{"message":"Unauthorized request to path: /bookmarks/","level":"error"}
{"message":"Unauthorized request to path: /bookmarks/","level":"error"}
{"message":"title is required","level":"error"}
{"message":"Unauthorized request to path: /bookmarks/","level":"error"}
{"message":"title is required","level":"error"}
{"message":"Unauthorized request to path: /bookmarks/","level":"error"}
{"message":"url is required","level":"error"}
{"message":"Unauthorized request to path: /bookmarks/","level":"error"}
{"message":"rating is required","level":"error"}
{"message":"Unauthorized request to path: /bookmarks/","level":"error"}
{"message":"Bookmark with id 946bbdd1-584b-4139-b008-c1463ea60417 created","level":"info"}
{"message":"bookmark_id is not defined","level":"error"}
{"message":"Unauthorized request to path: /bookmarks/","level":"error"}
{"message":"bookmark_id is not defined","level":"error"}
{"message":"Unauthorized request to path: /bookmarks/","level":"error"}
{"message":"bookmark_id is not defined","level":"error"}
{"message":"Unauthorized request to path: /bookmarks/","level":"error"}
{"message":"Bookmark with id 882abeec-93da-4df0-96de-7efea87e71da created","level":"info"}
{"message":"Unauthorized request to path: /bookmarks/","level":"error"}
{"message":"Unauthorized request to path: /bookmarks/882abeec-93da-4df0-96de-7efea87e71da","level":"error"}
{"message":"bookmarks is not defined","level":"error"}
{"message":"Unauthorized request to path: /bookmarks/882abeec-93da-4df0-96de-7efea87e71da","level":"error"}
{"message":"id is not defined","level":"error"}
{"message":"Unauthorized request to path: /bookmarks/882abeec-93da-4df0-96de-7efea87e71da","level":"error"}
{"message":"Bookmark with id 882abeec-93da-4df0-96de-7efea87e71da not found.","level":"error"}
{"message":"Unauthorized request to path: /bookmarks/","level":"error"}
{"message":"Bookmark with id 54e9faf3-81f6-415b-ab85-839b391be148 created","level":"info"}
{"message":"Unauthorized request to path: /bookmarks/54e9faf3-81f6-415b-ab85-839b391be148","level":"error"}
{"message":"bookmark is not defined","level":"error"}
{"message":"Unauthorized request to path: /bookmarks/54e9faf3-81f6-415b-ab85-839b391be148","level":"error"}
{"message":"Bookmark with id 54e9faf3-81f6-415b-ab85-839b391be148 not found.","level":"error"}
{"message":"Unauthorized request to path: /bookmarks/54e9faf3-81f6-415b-ab85-839b391be148","level":"error"}
{"message":"Bookmark with id 54e9faf3-81f6-415b-ab85-839b391be148 not found.","level":"error"}
{"message":"Unauthorized request to path: /bookmarks/54e9faf3-81f6-415b-ab85-839b391be148","level":"error"}
{"message":"Bookmark with id 54e9faf3-81f6-415b-ab85-839b391be148 not found.","level":"error"}
{"message":"Unauthorized request to path: /bookmarks/54e9faf3-81f6-415b-ab85-839b391be148","level":"error"}
{"message":"Bookmark with id 54e9faf3-81f6-415b-ab85-839b391be148 not found.","level":"error"}
{"message":"Unauthorized request to path: /bookmarks/","level":"error"}
{"message":"Bookmark with id 001f885d-283a-4767-b0cf-d98aeb103847 created","level":"info"}
{"message":"Unauthorized request to path: /bookmarks/001f885d-283a-4767-b0cf-d98aeb103847","level":"error"}
{"message":"Unauthorized request to path: /bookmarks/001f885d-283a-4767-b0cf-d98aeb103847","level":"error"}
{"message":"bookmarks is not defined","level":"error"}
{"message":"Unauthorized request to path: /bookmarks/","level":"error"}
{"message":"Bookmark with id e2e36aec-c5f0-4198-9a8e-cd93510add04 created","level":"info"}
{"message":"Unauthorized request to path: /bookmarks/e2e36aec-c5f0-4198-9a8e-cd93510add04","level":"error"}
{"message":"Bookmarks with id e2e36aec-c5f0-4198-9a8e-cd93510add04 deleted.","level":"info"}
